%!Adobe-FontList 1.22
%Locale:0x409

%BeginFont
Handler:DirectoryHandler
FontType:Invalid
OutlineFileName:/Users/mistybailey/Desktop/BIOSITE PROJECCT - BOSTON Folder/Document fonts/AdobeFnt21.lst
FileLength:714
FileModTime:632373214
%EndFont

%BeginFont
Handler:DirectoryHandler
FontType:Invalid
OutlineFileName:/Users/mistybailey/Desktop/BIOSITE PROJECCT - BOSTON Folder/Document fonts/AdobeFnt22.lst
FileLength:920
FileModTime:634598011
%EndFont

%BeginFont
Handler:DirectoryHandler
FontType:TrueType
FontName:Lusitana
FamilyName:Lusitana
StyleName:Regular
MenuName:Lusitana
StyleBits:0
WeightClass:400
WidthClass:5
AngleClass:0
FullName:Lusitana
WritingScript:Roman
OutlineFileName:/Users/mistybailey/Desktop/BIOSITE PROJECCT - BOSTON Folder/Document fonts/Lusitana-Regular.ttf
DataFormat:sfntData
hasSVG:no
VariableFontType:NonVariableFont
FileLength:28736
FileModTime:347961600
NameArray:0,Win,1,Lusitana
%EndFont

